<?xml version="1.0" encoding="UTF-8" standalone="no"?><testsuites><testsuite errors="0" failures="0" hostname="192.168.129.132_5555_unknown_vm" name="com.sizzo.something.test" tests="1" time="2.9540" timestamp="Thu Apr 12 20:52:51 CST 2012"><properties><property name="java.runtime.name" value="Java(TM) SE Runtime Environment"/><property name="sun.boot.library.path" value="C:\Program Files\Java\jdk1.6.0_26\jre\bin"/><property name="java.vm.version" value="20.1-b02"/><property name="java.vm.vendor" value="Sun Microsystems Inc."/><property name="java.vendor.url" value="http://java.sun.com/"/><property name="guice.disable.misplaced.annotation.check" value="true"/><property name="path.separator" value=";"/><property name="java.vm.name" value="Java HotSpot(TM) Client VM"/><property name="file.encoding.pkg" value="sun.io"/><property name="sun.java.launcher" value="SUN_STANDARD"/><property name="user.country" value="CN"/><property name="sun.os.patch.level" value=""/><property name="java.vm.specification.name" value="Java Virtual Machine Specification"/><property name="user.dir" value="D:\sizzoworkspace\something-parent"/><property name="java.runtime.version" value="1.6.0_26-b03"/><property name="java.awt.graphicsenv" value="sun.awt.Win32GraphicsEnvironment"/><property name="java.endorsed.dirs" value="C:\Program Files\Java\jdk1.6.0_26\jre\lib\endorsed"/><property name="os.arch" value="x86"/><property name="java.io.tmpdir" value="D:\tools\cygwin\tmp\"/><property name="line.separator" value="&#13;&#10;"/><property name="java.vm.specification.vendor" value="Sun Microsystems Inc."/><property name="user.variant" value=""/><property name="os.name" value="Windows 7"/><property name="classworlds.conf" value="D:\tools\apache-maven-3.0.4/bin/m2.conf"/><property name="sun.jnu.encoding" value="GBK"/><property name="java.library.path" value="C:\Program Files\Java\jdk1.6.0_26\bin;C:\Windows\Sun\Java\bin;C:\Windows\system32;C:\Windows;D:\tools\cygwin\usr\local\bin;D:\tools\cygwin\bin;C:\Windows\system32;C:\Windows;C:\Windows\System32\Wbem;C:\Windows\System32\WindowsPowerShell\v1.0;C:\Program Files\ThinkPad\Bluetooth Software;C:\Program Files\ATI Technologies\ATI.ACE\Core-Static;C:\Program Files\Common Files\Lenovo;C:\Program Files\Common Files\Roxio Shared\10.0\DLLShared;C:\Program Files\Lenovo\Access Connections;C:\Program Files\Common Files\Thunder Network\KanKan\Codecs;C:\Program Files\Java\jdk1.6.0_26\bin;D:\tools\apache-maven-3.0.4\bin;C:\Program Files\Android\android-sdk\platform-tools;."/><property name="java.specification.name" value="Java Platform API Specification"/><property name="java.class.version" value="50.0"/><property name="sun.management.compiler" value="HotSpot Client Compiler"/><property name="os.version" value="6.1"/><property name="user.home" value="C:\Users\Conan"/><property name="user.timezone" value="Asia/Shanghai"/><property name="java.awt.printerjob" value="sun.awt.windows.WPrinterJob"/><property name="file.encoding" value="GBK"/><property name="java.specification.version" value="1.6"/><property name="java.class.path" value="D:\tools\apache-maven-3.0.4/boot/plexus-classworlds-2.4.jar"/><property name="user.name" value="Conan"/><property name="java.vm.specification.version" value="1.0"/><property name="sun.java.command" value="org.codehaus.plexus.classworlds.launcher.Launcher clean install"/><property name="java.home" value="C:\Program Files\Java\jdk1.6.0_26\jre"/><property name="sun.arch.data.model" value="32"/><property name="user.language" value="zh"/><property name="java.specification.vendor" value="Sun Microsystems Inc."/><property name="awt.toolkit" value="sun.awt.windows.WToolkit"/><property name="java.vm.info" value="mixed mode"/><property name="java.version" value="1.6.0_26"/><property name="java.ext.dirs" value="C:\Program Files\Java\jdk1.6.0_26\jre\lib\ext;C:\Windows\Sun\Java\lib\ext"/><property name="sun.boot.class.path" value="C:\Program Files\Java\jdk1.6.0_26\jre\lib\resources.jar;C:\Program Files\Java\jdk1.6.0_26\jre\lib\rt.jar;C:\Program Files\Java\jdk1.6.0_26\jre\lib\sunrsasign.jar;C:\Program Files\Java\jdk1.6.0_26\jre\lib\jsse.jar;C:\Program Files\Java\jdk1.6.0_26\jre\lib\jce.jar;C:\Program Files\Java\jdk1.6.0_26\jre\lib\charsets.jar;C:\Program Files\Java\jdk1.6.0_26\jre\lib\modules\jdk.boot.jar;C:\Program Files\Java\jdk1.6.0_26\jre\classes"/><property name="java.vendor" value="Sun Microsystems Inc."/><property name="maven.home" value="D:\tools\apache-maven-3.0.4"/><property name="file.separator" value="\"/><property name="java.vendor.url.bug" value="http://java.sun.com/cgi-bin/bugreport.cgi"/><property name="sun.io.unicode.encoding" value="UnicodeLittle"/><property name="sun.cpu.endian" value="little"/><property name="sun.desktop" value="windows"/><property name="sun.cpu.isalist" value="pentium_pro+mmx pentium_pro pentium+mmx pentium i486 i386 i86"/><property name="ro.product.manufacturer" value="unknown"/><property name="gsm.sim.operator.alpha" value=""/><property name="dhcp.eth0.server" value="192.168.129.254"/><property name="status.battery.polling_freq" value="15"/><property name="ro.debuggable" value="1"/><property name="dhcp.eth0.reason" value="RENEW"/><property name="persist.sys.usb.config" value="adb"/><property name="init.svc.debuggerd" value="running"/><property name="persist.sys.profiler_ms" value="0"/><property name="system_init.startsurfaceflinger" value="0"/><property name="ro.product.model" value="vm"/><property name="gsm.operator.iso-country" value=""/><property name="ro.factorytest" value="0"/><property name="ro.build.fingerprint" value="generic_x86/vm/vm:4.0.3/IML74K/eng.dan.20120130.124851:eng/test-keys"/><property name="init.svc.userinit" value="stopped"/><property name="ro.build.product" value="vm"/><property name="ro.bootloader" value="unknown"/><property name="init.svc.vold" value="running"/><property name="ro.setupwizard.mode" value="OPTIONAL"/><property name="keyguard.no_require_sim" value="1"/><property name="net.hostname" value="android-9f12453316911f61"/><property name="net.bt.name" value="Android"/><property name="ro.build.version.sdk" value="15"/><property name="sys.usb.config" value="adb"/><property name="ro.radio.noril" value="no"/><property name="net.eth0.dns1" value="49.0.0.0"/><property name="dhcp.eth0.ipaddress" value="192.168.129.132"/><property name="net.eth0.dns2" value=""/><property name="ro.bootmode" value="unknown"/><property name="ro.baseband" value="unknown"/><property name="ro.runtime.firstboot" value="1334233522367"/><property name="ro.build.host" value="ubuntu-10"/><property name="ro.build.display.id" value="vm-eng 4.0.3 IML74K eng.dan.20120130.124851 test-keys"/><property name="ro.revision" value="0"/><property name="debug.egl.hw" value="0"/><property name="alsa.mixer.capture.master" value="Capture"/><property name="ro.product.locale.region" value="US"/><property name="alsa.mixer.playback.headset" value="Master"/><property name="gsm.operator.isroaming" value="false"/><property name="gsm.operator.numeric" value=""/><property name="init.svc.dhcpcd_eth0" value="stopped"/><property name="init.svc.dbus" value="running"/><property name="ro.simulated.phone" value="false"/><property name="ro.allow.mock.location" value="1"/><property name="dalvik.vm.heapstartsize" value="5m"/><property name="net.tcp.buffersize.wifi" value="524288,1048576,2097152,262144,524288,1048576"/><property name="ro.config.sync" value="yes"/><property name="alsa.mixer.playback.speaker" value="Master"/><property name="alsa.mixer.playback.earpiece" value="Master"/><property name="ro.product.brand" value="generic_x86"/><property name="gsm.sim.operator.numeric" value=""/><property name="ro.config.notification_sound" value="OnTheHunt.ogg"/><property name="init.svc.bluetoothd" value="stopped"/><property name="ro.board.platform" value=""/><property name="ro.build.date.utc" value="1327924156"/><property name="ro.ril.hsxpa" value="1"/><property name="ro.product.locale.language" value="en"/><property name="ro.product.device" value="vm"/><property name="init.svc.ppp" value="stopped"/><property name="dev.bootcomplete" value="1"/><property name="gsm.sim.state" value="UNKNOWN"/><property name="init.svc.keystore" value="running"/><property name="ro.hardware" value=""/><property name="status.battery.level" value="5"/><property name="status.battery.level_scale" value="9"/><property name="init.svc.netd" value="running"/><property name="dalvik.vm.dexopt-flags" value="m=y"/><property name="ro.build.characteristics" value="tablet"/><property name="ro.build.id" value="IML74K"/><property name="ro.radio.use-ppp" value="yes"/><property name="net.tcp.buffersize.lte" value="524288,1048576,2097152,262144,524288,1048576"/><property name="net.tcp.buffersize.default" value="4096,87380,110208,4096,16384,110208"/><property name="net.tcp.buffersize.umts" value="4094,87380,110208,4096,16384,110208"/><property name="sys.usb.state" value="adb"/><property name="dhcp.eth0.gateway" value="192.168.129.2"/><property name="rild.libpath" value="/system/lib/libreference-ril.so"/><property name="sys.boot_completed" value="1"/><property name="ro.product.name" value="vm"/><property name="net.change" value="net.qtaguid_enabled"/><property name="dhcp.eth0.pid" value="1754"/><property name="ro.config.alarm_alert" value="Alarm_Classic.ogg"/><property name="ro.build.tags" value="test-keys"/><property name="app.setupwizard.disable" value="0"/><property name="dhcp.eth0.mask" value="255.255.255.0"/><property name="status.battery.level_raw" value="50"/><property name="ro.product.board" value=""/><property name="init.svc.drm" value="running"/><property name="init.svc.media" value="running"/><property name="ro.build.description" value="vm-eng 4.0.3 IML74K eng.dan.20120130.124851 test-keys"/><property name="ro.build.version.codename" value="REL"/><property name="ro.product.cpu.abi" value="x86"/><property name="dhcp.eth0.dns2" value=""/><property name="rild.libargs" value="-d /dev/ttyUSB1"/><property name="ro.kernel.android.checkjni" value="1"/><property name="dalvik.vm.heapgrowthlimit" value="48m"/><property name="dhcp.eth0.dns1" value="192.168.129.2"/><property name="dhcp.eth0.leasetime" value="1800"/><property name="dhcp.eth0.dns4" value=""/><property name="init.svc.bootanim" value="stopped"/><property name="dalvik.vm.heapsize" value="256m"/><property name="dhcp.eth0.dns3" value=""/><property name="dalvik.vm.stack-trace-file" value="/data/anr/traces.txt"/><property name="alsa.mixer.playback.master" value="Master"/><property name="net.tcp.buffersize.edge" value="4093,26280,35040,4096,16384,35040"/><property name="init.svc.surfaceflinger" value="running"/><property name="ro.serialno" value=""/><property name="alsa.mixer.capture.earpiece" value="Capture"/><property name="net.tcp.buffersize.gprs" value="4092,8760,11680,4096,8760,11680"/><property name="ro.build.date" value="Mon Jan 30 12:49:16 CET 2012"/><property name="ro.ril.gprsclass" value="10"/><property name="ro.com.android.dataroaming" value="true"/><property name="ro.build.version.release" value="4.0.3"/><property name="init.svc.console" value="stopped"/><property name="wlan.driver.status" value="unloaded"/><property name="dhcp.eth0.result" value="ok"/><property name="net.tcp.buffersize.hspa" value="4094,87380,262144,4096,16384,262144"/><property name="init.svc.zygote" value="running"/><property name="init.svc.servicemanager" value="running"/><property name="gsm.current.phone-type" value="1"/><property name="ro.build.user" value="dan"/><property name="gsm.sim.operator.iso-country" value=""/><property name="ro.alarm.volume.adjustable" value="true"/><property name="init.svc.installd" value="running"/><property name="ro.secure" value="0"/><property name="ro.build.type" value="eng"/><property name="ro.carrier" value="unknown"/><property name="status.battery.polling" value="1"/><property name="ro.wifi.channels" value=""/><property name="ro.build.version.incremental" value="eng.dan.20120130.124851"/><property name="init.svc.adbd" value="running"/><property name="init.svc.powerbtnd" value="running"/><property name="gsm.operator.alpha" value=""/><property name="net.qtaguid_enabled" value="0"/><property name="ro.arch" value="x86"/><property name="status.battery.state" value="Slow"/></properties><testcase classname="com.sizzo.something.test.HelloAndroidActivityTest" name="testActivity" time="2.6420"/></testsuite></testsuites>